{"level":"info","message":"Connected to the database successfully.","timestamp":"2025-01-09T05:41:43.993Z"}
{"level":"info","message":"Server running on port 3000","timestamp":"2025-01-09T05:41:43.996Z"}
{"level":"error","message":"Error: User not found\n    at UserService.deleteUser (/home/harsh.taru/Projects/user-management-service_full/src/services/userService.js:33:13)\n    at process.processTicksAndRejections (node:internal/process/task_queues:95:5)\n    at async /home/harsh.taru/Projects/user-management-service_full/src/controllers/userController.js:18:3","timestamp":"2025-01-09T05:45:57.949Z"}
{"level":"error","message":"Error: User not found\n    at UserService.deleteUser (/home/harsh.taru/Projects/user-management-service_full/src/services/userService.js:33:13)\n    at process.processTicksAndRejections (node:internal/process/task_queues:95:5)\n    at async /home/harsh.taru/Projects/user-management-service_full/src/controllers/userController.js:18:3","timestamp":"2025-01-09T05:46:20.954Z"}
{"level":"error","message":"Error: Email already registered\n    at UserService.addUser (/home/harsh.taru/Projects/user-management-service_full/src/services/userService.js:15:13)\n    at process.processTicksAndRejections (node:internal/process/task_queues:95:5)\n    at async /home/harsh.taru/Projects/user-management-service_full/src/controllers/userController.js:8:16","timestamp":"2025-01-09T05:48:19.744Z"}
{"level":"error","message":"Error: User not found\n    at UserService.deleteUser (/home/harsh.taru/Projects/user-management-service_full/src/services/userService.js:33:13)\n    at process.processTicksAndRejections (node:internal/process/task_queues:95:5)\n    at async /home/harsh.taru/Projects/user-management-service_full/src/controllers/userController.js:18:3","timestamp":"2025-01-09T05:54:34.383Z"}
{"level":"error","message":"SyntaxError: Unexpected token r in JSON at position 6\n    at JSON.parse (<anonymous>)\n    at parse (/home/harsh.taru/Projects/user-management-service_full/node_modules/body-parser/lib/types/json.js:92:19)\n    at /home/harsh.taru/Projects/user-management-service_full/node_modules/body-parser/lib/read.js:128:18\n    at AsyncResource.runInAsyncScope (node:async_hooks:203:9)\n    at invokeCallback (/home/harsh.taru/Projects/user-management-service_full/node_modules/raw-body/index.js:238:16)\n    at done (/home/harsh.taru/Projects/user-management-service_full/node_modules/raw-body/index.js:227:7)\n    at IncomingMessage.onEnd (/home/harsh.taru/Projects/user-management-service_full/node_modules/raw-body/index.js:287:7)\n    at IncomingMessage.emit (node:events:517:28)\n    at endReadableNT (node:internal/streams/readable:1400:12)\n    at process.processTicksAndRejections (node:internal/process/task_queues:82:21)","timestamp":"2025-01-09T05:58:51.211Z"}
{"level":"error","message":"Error: Email already registered\n    at UserService.addUser (/home/harsh.taru/Projects/user-management-service_full/src/services/userService.js:15:13)\n    at process.processTicksAndRejections (node:internal/process/task_queues:95:5)\n    at async /home/harsh.taru/Projects/user-management-service_full/src/controllers/userController.js:8:16","timestamp":"2025-01-09T05:59:23.631Z"}
{"level":"error","message":"Failed to start the server:","timestamp":"2025-01-09T09:15:12.816Z"}
{"level":"info","message":"Connected to the database successfully.","timestamp":"2025-01-09T09:15:51.944Z"}
{"level":"info","message":"Server running on port 3000","timestamp":"2025-01-09T09:15:51.947Z"}
{"level":"error","message":"Error: Email already registered\n    at UserService.addUser (/home/harsh.taru/Projects/user-management-service_full/src/services/userService.js:15:13)\n    at process.processTicksAndRejections (node:internal/process/task_queues:95:5)\n    at async /home/harsh.taru/Projects/user-management-service_full/src/controllers/userController.js:26:16","timestamp":"2025-01-09T09:16:08.366Z"}
{"level":"error","message":"Error: Email already registered\n    at UserService.addUser (/home/harsh.taru/Projects/user-management-service_full/src/services/userService.js:15:13)\n    at process.processTicksAndRejections (node:internal/process/task_queues:95:5)\n    at async /home/harsh.taru/Projects/user-management-service_full/src/controllers/userController.js:26:16","timestamp":"2025-01-09T09:16:40.620Z"}
{"level":"info","message":"Connected to the database successfully.","timestamp":"2025-01-09T09:21:17.011Z"}
{"level":"info","message":"Server running on port 3000","timestamp":"2025-01-09T09:21:17.013Z"}
{"level":"error","message":"Error adding user:  Email already registered","stack":"Error: Email already registered\n    at UserService.addUser (/home/harsh.taru/Projects/user-management-service_full/src/services/userService.js:108:15)\n    at process.processTicksAndRejections (node:internal/process/task_queues:95:5)\n    at async /home/harsh.taru/Projects/user-management-service_full/src/controllers/userController.js:26:16","status":"fail","statusCode":409,"timestamp":"2025-01-09T09:21:26.826Z"}
{"level":"error","message":"Error: Email already registered\n    at UserService.addUser (/home/harsh.taru/Projects/user-management-service_full/src/services/userService.js:108:15)\n    at process.processTicksAndRejections (node:internal/process/task_queues:95:5)\n    at async /home/harsh.taru/Projects/user-management-service_full/src/controllers/userController.js:26:16","timestamp":"2025-01-09T09:21:26.826Z"}
{"level":"info","message":"Connected to the database successfully.","timestamp":"2025-01-09T10:20:59.926Z"}
{"level":"info","message":"Server running on port 3000","timestamp":"2025-01-09T10:20:59.928Z"}
{"level":"info","message":"Connected to the database successfully.","timestamp":"2025-01-09T10:21:04.654Z"}
{"level":"info","message":"Server running on port 3000","timestamp":"2025-01-09T10:21:04.657Z"}
{"level":"info","message":"Connected to the database successfully.","timestamp":"2025-01-09T10:21:14.657Z"}
{"level":"info","message":"Server running on port 3000","timestamp":"2025-01-09T10:21:14.660Z"}
{"level":"info","message":"Connected to the database successfully.","timestamp":"2025-01-09T10:21:20.615Z"}
{"level":"info","message":"Server running on port 3000","timestamp":"2025-01-09T10:21:20.618Z"}
{"level":"error","message":"Error adding user:  Email already registered","stack":"Error: Email already registered\n    at UserService.addUser (/home/harsh.taru/Projects/user-management-service_full/src/services/userService.js:108:15)\n    at process.processTicksAndRejections (node:internal/process/task_queues:95:5)\n    at async /home/harsh.taru/Projects/user-management-service_full/src/controllers/userController.js:26:16","status":"fail","statusCode":409,"timestamp":"2025-01-09T10:22:44.127Z"}
{"level":"error","message":"Error: Email already registered\n    at UserService.addUser (/home/harsh.taru/Projects/user-management-service_full/src/services/userService.js:108:15)\n    at process.processTicksAndRejections (node:internal/process/task_queues:95:5)\n    at async /home/harsh.taru/Projects/user-management-service_full/src/controllers/userController.js:26:16","timestamp":"2025-01-09T10:22:44.128Z"}
{"level":"error","message":"Error deleting user:  User not found","stack":"Error: User not found\n    at UserService.deleteUser (/home/harsh.taru/Projects/user-management-service_full/src/services/userService.js:182:15)\n    at process.processTicksAndRejections (node:internal/process/task_queues:95:5)\n    at async /home/harsh.taru/Projects/user-management-service_full/src/controllers/userController.js:54:3","status":"fail","statusCode":404,"timestamp":"2025-01-09T10:23:00.156Z"}
{"level":"error","message":"Error: User not found\n    at UserService.deleteUser (/home/harsh.taru/Projects/user-management-service_full/src/services/userService.js:182:15)\n    at process.processTicksAndRejections (node:internal/process/task_queues:95:5)\n    at async /home/harsh.taru/Projects/user-management-service_full/src/controllers/userController.js:54:3","timestamp":"2025-01-09T10:23:00.157Z"}
{"level":"error","message":"Error adding user:  Email already registered","stack":"Error: Email already registered\n    at UserService.addUser (/home/harsh.taru/Projects/user-management-service_full/src/services/userService.js:108:15)\n    at process.processTicksAndRejections (node:internal/process/task_queues:95:5)\n    at async /home/harsh.taru/Projects/user-management-service_full/src/controllers/userController.js:26:16","status":"fail","statusCode":409,"timestamp":"2025-01-09T10:23:21.107Z"}
{"level":"error","message":"Error: Email already registered\n    at UserService.addUser (/home/harsh.taru/Projects/user-management-service_full/src/services/userService.js:108:15)\n    at process.processTicksAndRejections (node:internal/process/task_queues:95:5)\n    at async /home/harsh.taru/Projects/user-management-service_full/src/controllers/userController.js:26:16","timestamp":"2025-01-09T10:23:21.108Z"}
{"code":"ER_DATA_TOO_LONG","errno":1406,"level":"error","message":"Error adding user:  Data too long for column 'name' at row 1","sql":"INSERT INTO users (name, email, role) VALUES ('joNSqGHlnhZmcLXU+jCnOMZ+Rh53M+WiYAvErNfB3JSoIOw7zsfEmHtC7mDEEuEF/mzemramCb6Rcl6P2nxsX+LvpRI3Vp0u5zXvbDFdLMIPMLu7Ht/Mo7+fO53uzUWq/JdygF5RD9Blt+HrT0jIZZy/w2h3jUmoZZ5KO5gQj6ZRJjSPze597Vtl3TVo1cSMknS0MYZeBjrzaw4ZBifwEKgPpCASPcv0DTg5pBl/tNIbrT44mI3r9QlkobCdIxEsPk0taxxgHgj7LPrufQcIgFV0Gcp5ts3zXsf+ncrZHq2hTPT7wbhibucz2sXwmWGja90gPCrTTNDnLvJupMZcbw==', 'XyE8ZYTu/Bmiue2fwKXmsoqoMdwvWdi/WrWHx88VjugeKL3ayRQa5l5+XUy39UYoRjyUVfmSLNzpRu5pbBOg2aYFMG9xVsve3hbN3HIblsrST5F7e16dRr1SYxgSdPEOwE33pO8OymtK4U5RjUmnYEV76cbzgohrseSdgQHQiaGnn+TGzJkKKrj0kqzuEAkKjiMz1OWh7ZHhrcG865Z7mHpkgNMZsggz7eX/UHBxwt7TgzA0NXszB8g44OmPl0EtQmQ873iTvyixNDboSmdeMrjQt6Yz+q5OxS2ML00Z69w06tLU/xn9YwcJzeUKmyhhxtTBjlmxSGT4AXnzJQu3cg==', 'NJPDQb4ApxiV7XANkcSey+qK+2g7Tn4fXRzGfkJV9oBg+eSR+3lgzCrdmzOE3GtZMukTwQeVZAowuGr6h1dcMg9zjr6CcEZRbVtCBKWzGttizR2EzC0dZvZK3fCfCjfveVfnFftp1mMBA7o8TNp9Fy7cZY3IoNjJ0XeTzLigCNb95G6qd1SC9Bg8+tA8zL91dkbnD+DhpjGF+mWJe0hCf7iVbV9aWLdOkS6CLEgAG4ong6VglHxZY81rzo8PREc46tVeUg2I1601uiEiErtERK7bGqioEMwe9JbPtQ3zRP3L8RDGdirYhI5mIg6fjSJbx8deLzwKqBtPV2KETed1/Q==')","sqlMessage":"Data too long for column 'name' at row 1","sqlState":"22001","stack":"Error: Data too long for column 'name' at row 1\n    at PromisePool.query (/home/harsh.taru/Projects/user-management-service_full/node_modules/mysql2/lib/promise/pool.js:36:22)\n    at UserService.addUser (/home/harsh.taru/Projects/user-management-service_full/src/services/userService.js:111:35)\n    at process.processTicksAndRejections (node:internal/process/task_queues:95:5)\n    at async /home/harsh.taru/Projects/user-management-service_full/src/controllers/userController.js:26:16","timestamp":"2025-01-09T10:23:45.447Z"}
{"level":"error","message":"Error: Internal server error\n    at UserService.addUser (/home/harsh.taru/Projects/user-management-service_full/src/services/userService.js:118:49)\n    at process.processTicksAndRejections (node:internal/process/task_queues:95:5)\n    at async /home/harsh.taru/Projects/user-management-service_full/src/controllers/userController.js:26:16","timestamp":"2025-01-09T10:23:45.447Z"}
{"code":"ER_DATA_TOO_LONG","errno":1406,"level":"error","message":"Error adding user:  Data too long for column 'name' at row 1","sql":"INSERT INTO users (name, email, role) VALUES ('BP1V42b+wrPZHurCC4dZ9xn9nKVbNo/BrK1w5lsKh9A00Brq1cvAsizYHJURWRwH4PDsiTMJVfcDHp3/a0gRFzx1a3Z/+IXWOxwJYiH3O5Bw2bdQw/5RWI4gSGTP6J2P56MRMGF85uqNwjZskvKsjcoEAApG+VkluxBI33W0uy7DSSOCfaVFMcmIsOXasFQKY77iXGgxePAe9j+t+DT91AKz9HRDZoIMltIoc5ForBwCHkwShi27W+4ZFOsBxksDJ6j8ytY6DMlVkZN5E58W1v3ZU4b6qee78SC2g01Re+7S7eWM76+R1QAP7yfcKAJo3VNodWWY0n105rZtek8L7A==', 'jUSSLW2F3NdOzudS0YoYSsha82zSWej1k4RkEm4DDKmTzMxMr1obpX90K2zAa4GY79+zotzTDNaOFAJLhP6TF82Rwjr5YGQvtFAG3kQ2/EhhyVFgH2RePKqdmYT6T0XwZfDxwWbY86SYFsJUzKbyQz02xJDfQ4PHA/tRtmWithAZZzj0BsMeUP82dhZD/Mi9M4ibIIIsfCLXT3SDzokSnF3i8goKfTXrvlfqVuSfOH+IO7syv3wMj++60WYpkm0bIgeH7rGEzfKT4VzxmPolkDhMXd3peYQhQ8c8YYEYBAKR0CEBZQmRoQsc7KbMdMk2R+BWZO9oovO4MEbnRnQgpQ==', 'lB2cZJBeypkhtYLeVE+aqiIZ9ErAHJtKQWqewwD0NfXFEZNaLqvc/XmolL88ir1/HYwixSioP7RJvLO9yiZJS+qEF5J3XPMV2HBhX0gu+rszeGQ0mXzJlW80fliYu1WZbffQn4kA0alqJHLGKB7EB51bXQ5t824+0UZqU4ltxO3BDICAaLfvCPI2mjLqL278/y2ebBhKVYg3IFxmMB4ZoN0wE/1EV5xedLs6o0WirEM0/nsUp205UwETFL62qDQDHcqai/FmuezAe8y7EreV83nkUwxeXKulvOvFBw2JbLkcsf9LhHS09iJnrjqhTRoDvtWpFl6zNisGpoonFXgwog==')","sqlMessage":"Data too long for column 'name' at row 1","sqlState":"22001","stack":"Error: Data too long for column 'name' at row 1\n    at PromisePool.query (/home/harsh.taru/Projects/user-management-service_full/node_modules/mysql2/lib/promise/pool.js:36:22)\n    at UserService.addUser (/home/harsh.taru/Projects/user-management-service_full/src/services/userService.js:111:35)\n    at process.processTicksAndRejections (node:internal/process/task_queues:95:5)\n    at async /home/harsh.taru/Projects/user-management-service_full/src/controllers/userController.js:26:16","timestamp":"2025-01-09T10:37:10.652Z"}
{"level":"error","message":"Error: Internal server error\n    at UserService.addUser (/home/harsh.taru/Projects/user-management-service_full/src/services/userService.js:118:49)\n    at process.processTicksAndRejections (node:internal/process/task_queues:95:5)\n    at async /home/harsh.taru/Projects/user-management-service_full/src/controllers/userController.js:26:16","timestamp":"2025-01-09T10:37:10.652Z"}
{"level":"info","message":"Connected to the database successfully.","timestamp":"2025-01-09T10:37:23.139Z"}
{"level":"info","message":"Server running on port 3000","timestamp":"2025-01-09T10:37:23.141Z"}
{"level":"info","message":"Connected to the database successfully.","timestamp":"2025-01-09T10:37:38.836Z"}
{"level":"info","message":"Server running on port 3000","timestamp":"2025-01-09T10:37:38.838Z"}
{"level":"info","message":"Connected to the database successfully.","timestamp":"2025-01-09T10:37:40.778Z"}
{"level":"info","message":"Server running on port 3000","timestamp":"2025-01-09T10:37:40.780Z"}
{"level":"info","message":"Connected to the database successfully.","timestamp":"2025-01-09T10:37:41.937Z"}
{"level":"info","message":"Server running on port 3000","timestamp":"2025-01-09T10:37:41.940Z"}
{"level":"info","message":"Connected to the database successfully.","timestamp":"2025-01-09T10:37:45.484Z"}
{"level":"info","message":"Server running on port 3000","timestamp":"2025-01-09T10:37:45.487Z"}
{"level":"info","message":"Connected to the database successfully.","timestamp":"2025-01-09T10:37:46.943Z"}
{"level":"info","message":"Server running on port 3000","timestamp":"2025-01-09T10:37:46.945Z"}
{"level":"info","message":"Connected to the database successfully.","timestamp":"2025-01-09T10:37:48.798Z"}
{"level":"info","message":"Server running on port 3000","timestamp":"2025-01-09T10:37:48.800Z"}
{"level":"info","message":"Connected to the database successfully.","timestamp":"2025-01-09T10:37:52.133Z"}
{"level":"info","message":"Server running on port 3000","timestamp":"2025-01-09T10:37:52.135Z"}
{"code":"ER_DATA_TOO_LONG","errno":1406,"level":"error","message":"Error adding user:  Data too long for column 'name' at row 1","sql":"INSERT INTO users (name, email, role) VALUES ('m4CaMYejQfHwU3QxUWf6Y24hDkNDC3rP94NBr66N/KDWFG6NngwaQC0SXgvd0+GMs6RKRzVHfEWOEGGftTpL45ZuOCdR05/gMfsGGMUrP2crqP2jwMhdNlw8/Olwy1T5qEdMfbx8Ni8YCpWiozsifzEX5kF8PGex3oRxcqzWzVsAepbpMrQ1Lud4Cybzy8dytqnw0mJ1bYfdSPPWLLGnb5dutGshFAW3Ye3iWTCHCOF3LZXSENx0z4E5Odvi2PnEbeWjuWKQVg6osJshri4pGKetp1eWobQEzvj8ZMF/nuoKce7O6Mrq7TcPa+f+nmCal35aYm0K9FJimERBtt+8Uw==', 'fwzlN8Ifpq+ljn/ekon9Wu3vM3DxtGMCXf18bSXcd4WsmC7LLg6ak4qD4nponf0ihN8aPYnFDaIJ1qlbuqqvbfOw9vcAnwpqyzPoxMrI+g1RaDvK2GQahseDVs5vuyCHwVh+6iGjAOB0o42QXcj0QJM3V2/LPs8e+nHtclGOBtMXOFK0Zd/ss2+ly/rF0p9xuygDMyBF46vJVumq0rPOAbkOzM0E0laGQtBVq0J5OkyjI+hsmFkJsPUC9jq24gTdUJ9qcd3Xw425e01+k9jsF4Qeg6Kjf7LkymD8eA0FixDEDj+hFW8y7U+rTizebzC3hmET+xQtkfX76s7rQOCaWA==', 'oPh+MP6g208LDuGLndJxdHIqu75uiAjC4fCJfiiLjaTaOF4e3S6a2jC0qMTLBf6ne00nbCGnMyclcCnpFXmR1d2HppoTQyLrd+C741Z+348jHTXjUWyq3QelkagblRTgvtNP1FMv/stQTWrbKHyMVJQA2RlaQsu7gp4BMnFP0dE+nxMjEL5NQUAnn/yUZo6KQj0Q3+vgj/SalV/TGLw4Yx1z9llYnzIZ6+6aonZa0KV3Og6/n2wGHFUkEof82sWduAIAWCI68XZM74Zk9DDlsjrCFJzoXh8nIr1Co4Jrif1acpq+NrrRXXRq/1TZX+8ERv6OOI8Xc6FnVqMnfUE2lQ==')","sqlMessage":"Data too long for column 'name' at row 1","sqlState":"22001","stack":"Error: Data too long for column 'name' at row 1\n    at PromisePool.query (/home/harsh.taru/Projects/user-management-service_full/node_modules/mysql2/lib/promise/pool.js:36:22)\n    at UserService.addUser (/home/harsh.taru/Projects/user-management-service_full/src/services/userService.js:113:35)\n    at process.processTicksAndRejections (node:internal/process/task_queues:95:5)\n    at async /home/harsh.taru/Projects/user-management-service_full/src/controllers/userController.js:26:16","timestamp":"2025-01-09T10:38:00.245Z"}
{"level":"error","message":"Error: Internal server error\n    at UserService.addUser (/home/harsh.taru/Projects/user-management-service_full/src/services/userService.js:120:49)\n    at process.processTicksAndRejections (node:internal/process/task_queues:95:5)\n    at async /home/harsh.taru/Projects/user-management-service_full/src/controllers/userController.js:26:16","timestamp":"2025-01-09T10:38:00.245Z"}
{"code":"ER_DATA_TOO_LONG","errno":1406,"level":"error","message":"Error adding user:  Data too long for column 'name' at row 1","sql":"INSERT INTO users (name, email, role) VALUES ('ezEZR/aB1F4ZRQcoxUwfqmfkMSAVbMeQyZt/VC+obX/SBPUjvkMezqFNzc0kPNNCNXPzZba67rg9QDD5p5WtGTK9fRgXegBUdKlP7UXFkQtVcV6dyk/q9DfwAn6zjFX1n2yBwceOahWxDipxuMb7BA5M5/3F9yiQj1fkRY9QdZx7HHJkaqQhaiIoZZ/0z1pyTGEl1YyMjIOrm1r6yfvxDPinkFcYM/5e0yzTBofpb1QUHR+FhMsPLaG70zSzU6+qatiYqfZK1ozV8ImdndGWHAP/UQ9W/0UBaH8q+HDl2MfRKHZ1WOx7gu4+2lyzCY2C2lI/A5L7kVGCQTUJb67EyQ==', 'eAARLKK/kWDIirSicpxGulydUfnNazoMqrwYMe/UZ9J1h39C7qy5tEyaLKmLKTn/RU3CduRzbKm05jcogNxnzAUdKISdAmYHMFlCagb9ad1KzrYldA3ECE4RcKODm5omVH6vbWyVCb7hM+M/fjTTnxT6lZVoqmgaqMltipET9M986PBjza82FoKpngGR/D54DfD72v9OUhx94ztoLrkFeD/ytTHw4db3Bmpd2OKabeS7RX7rQWy+C65MkulzXe5vJT/GL/f3TKdEAw1yFKSc8PLURQsDL4v0RFlMIqZkqJHtPXJmS2NnvbpL1c0mgxThX4Bi4DUFuaxWwdrJBETdPw==', 'eX+Aj7Qwmw1QcB9uxncPGSN/1pJOUGI+zOMlOjeBoiibbvyURsFWN5TZpH8NYt5ABgXZLc8rJru18BANg1EUe+E/B3grPdpPMll/otgmSnc//wMGi3EplsxO36Mzfern/PcC3mkQxdTEIeXcaskFi9PVoCkpYx2T4wTZpnrLp59xX6L13YLdMV1ztiWrjhO6pK+vfy7JJuuliNMMfQ1suL0GYy8hNrsqAAm/n3Kt95Mo8OFcdaxKwUK4eaHEZA60I5Qu2nc07L/coUBF0Ku91IX2vSSzNrfdhjGH2xTyqLhaElScSQImbqS+Ng9ru7fcu2Gbp0O0VWCpt9XnOxRHDg==')","sqlMessage":"Data too long for column 'name' at row 1","sqlState":"22001","stack":"Error: Data too long for column 'name' at row 1\n    at PromisePool.query (/home/harsh.taru/Projects/user-management-service_full/node_modules/mysql2/lib/promise/pool.js:36:22)\n    at UserService.addUser (/home/harsh.taru/Projects/user-management-service_full/src/services/userService.js:113:35)\n    at process.processTicksAndRejections (node:internal/process/task_queues:95:5)\n    at async /home/harsh.taru/Projects/user-management-service_full/src/controllers/userController.js:26:16","timestamp":"2025-01-09T10:38:03.259Z"}
{"level":"error","message":"Error: Internal server error\n    at UserService.addUser (/home/harsh.taru/Projects/user-management-service_full/src/services/userService.js:120:49)\n    at process.processTicksAndRejections (node:internal/process/task_queues:95:5)\n    at async /home/harsh.taru/Projects/user-management-service_full/src/controllers/userController.js:26:16","timestamp":"2025-01-09T10:38:03.259Z"}
{"level":"info","message":"Connected to the database successfully.","timestamp":"2025-01-09T10:40:33.023Z"}
{"level":"info","message":"Server running on port 3000","timestamp":"2025-01-09T10:40:33.026Z"}
{"level":"info","message":"Connected to the database successfully.","timestamp":"2025-01-09T10:40:37.359Z"}
{"level":"info","message":"Server running on port 3000","timestamp":"2025-01-09T10:40:37.361Z"}
{"level":"info","message":"Connected to the database successfully.","timestamp":"2025-01-09T10:40:39.604Z"}
{"level":"info","message":"Server running on port 3000","timestamp":"2025-01-09T10:40:39.607Z"}
{"level":"info","message":"Connected to the database successfully.","timestamp":"2025-01-09T10:40:42.387Z"}
{"level":"info","message":"Server running on port 3000","timestamp":"2025-01-09T10:40:42.389Z"}
{"level":"info","message":"Connected to the database successfully.","timestamp":"2025-01-09T10:40:49.396Z"}
{"level":"info","message":"Server running on port 3000","timestamp":"2025-01-09T10:40:49.398Z"}
{"level":"info","message":"Connected to the database successfully.","timestamp":"2025-01-09T10:40:53.728Z"}
{"level":"info","message":"Server running on port 3000","timestamp":"2025-01-09T10:40:53.730Z"}
{"level":"info","message":"Connected to the database successfully.","timestamp":"2025-01-09T10:40:55.587Z"}
{"level":"info","message":"Server running on port 3000","timestamp":"2025-01-09T10:40:55.592Z"}
{"level":"info","message":"Connected to the database successfully.","timestamp":"2025-01-09T10:41:03.580Z"}
{"level":"info","message":"Server running on port 3000","timestamp":"2025-01-09T10:41:03.583Z"}
{"level":"info","message":"Connected to the database successfully.","timestamp":"2025-01-09T10:41:15.336Z"}
{"level":"info","message":"Server running on port 3000","timestamp":"2025-01-09T10:41:15.339Z"}
{"level":"info","message":"Connected to the database successfully.","timestamp":"2025-01-09T10:41:17.133Z"}
{"level":"info","message":"Server running on port 3000","timestamp":"2025-01-09T10:41:17.136Z"}
{"level":"info","message":"Connected to the database successfully.","timestamp":"2025-01-09T10:41:24.864Z"}
{"level":"info","message":"Server running on port 3000","timestamp":"2025-01-09T10:41:24.866Z"}
{"level":"info","message":"Connected to the database successfully.","timestamp":"2025-01-09T10:41:26.889Z"}
{"level":"info","message":"Server running on port 3000","timestamp":"2025-01-09T10:41:26.891Z"}
{"level":"info","message":"Connected to the database successfully.","timestamp":"2025-01-09T10:41:27.965Z"}
{"level":"info","message":"Server running on port 3000","timestamp":"2025-01-09T10:41:27.968Z"}
{"level":"info","message":"Connected to the database successfully.","timestamp":"2025-01-09T10:41:35.416Z"}
{"level":"info","message":"Server running on port 3000","timestamp":"2025-01-09T10:41:35.418Z"}
{"level":"info","message":"Connected to the database successfully.","timestamp":"2025-01-09T10:41:37.269Z"}
{"level":"info","message":"Server running on port 3000","timestamp":"2025-01-09T10:41:37.271Z"}
{"level":"info","message":"Connected to the database successfully.","timestamp":"2025-01-09T10:41:41.313Z"}
{"level":"info","message":"Server running on port 3000","timestamp":"2025-01-09T10:41:41.315Z"}
{"level":"info","message":"Connected to the database successfully.","timestamp":"2025-01-09T10:41:43.104Z"}
{"level":"info","message":"Server running on port 3000","timestamp":"2025-01-09T10:41:43.106Z"}
{"level":"info","message":"Connected to the database successfully.","timestamp":"2025-01-09T10:41:45.995Z"}
{"level":"info","message":"Server running on port 3000","timestamp":"2025-01-09T10:41:45.998Z"}
{"code":"ER_DATA_TOO_LONG","errno":1406,"level":"error","message":"Error adding user:  Data too long for column 'name' at row 1","sql":"INSERT INTO users (name, email, role) VALUES ('hW1kXGwqqoRBWWB79UTJgFE6Ljernjehw4+c9DcIjZLJhcRjR8iToG0ixSQit4TkRxJisjLbZqljNbgwrm/sj8X+5tKPWrh+vXVsrrtzFT1EWVw6V//YbPOurzrDhHETnGElXL2ECPGbl6tXnGI8X28KMwj4667iFa/AwqyCeDHe8saNVG1Ix5IPmtrFeDKrkqYjsEtB8pGdoQGT6JDrH9buhcp2ERoOEd+Cc7TpbBLETlBYcvbowZ5SnH90q2krj1CPG8WXVk+aZZJMzQLirpMFCpSBVzCds1Qly6wYjZ3Y2kfUQ9iJMXwNh6GcKMHKdQjrxP/jqd093FQLaQntoA==', 'T6vcKdypbXSkPIcvqjqzrsfw3WbJ4gubjljnABVAkx41bx0n81+SeEKMOhKSc8Fy/cwEgHkl2DVzOo47vfc3QJNAz6xcIJmc8lUjmkFAMdxZkp0BFKTNVoKKtg7TfvLoQl8CiSzyYrO2aL+XaXeUXPDD2ykV2YUNRk0ZF1c7wyJgwJDgW1uxhCP8qcB91ZpUwt2UObAD0U8TtZyIxTnCrllI50D7kgzIBPBPZVIQp2I+rYeg3MULYclqe8JdWEKXnNrWOCM6ak6pxrc22ZZOIw++1lzT55KKMrQioUXptyWb0piXtZyTDqJ9WkmtnnEvNombfiKWVSpnlCAH3HvMBw==', 'ki+r1F45jDSpw1aWtrVt28ufSx6n6j0mJPW85/ycnqRMUxDiR8bjo+0KPx//E6EbYUp3ZTa+hUGsKUX5JzqKtgd9CVd6Vh5WfBcooR8jRujSHgvck6WICc3mcykmtgbPCESjIjMVf6L7wc0ejdROcbSEXtEgC+sZtsGPPO9ABL+spwysFa58Gpb1OdPjd76DUsOUqB6s5Gwt0oKmFYFGWICq34imvsKPnou/bYUVq+DJSIt23CPJOMqIK4iyyAfhyAPLRtxFIMiNlIc/hqzhebHRp8+7Plq9/PLTpNaAtor+bvpwQgae8xTyGFfJfq63zPiqTAx65tWEQVzlxD9BQw==')","sqlMessage":"Data too long for column 'name' at row 1","sqlState":"22001","stack":"Error: Data too long for column 'name' at row 1\n    at PromisePool.query (/home/harsh.taru/Projects/user-management-service_full/node_modules/mysql2/lib/promise/pool.js:36:22)\n    at UserService.addUser (/home/harsh.taru/Projects/user-management-service_full/src/services/userService.js:116:35)\n    at process.processTicksAndRejections (node:internal/process/task_queues:95:5)\n    at async /home/harsh.taru/Projects/user-management-service_full/src/controllers/userController.js:26:16","timestamp":"2025-01-09T10:41:55.043Z"}
{"level":"error","message":"Error: Internal server error\n    at UserService.addUser (/home/harsh.taru/Projects/user-management-service_full/src/services/userService.js:123:49)\n    at process.processTicksAndRejections (node:internal/process/task_queues:95:5)\n    at async /home/harsh.taru/Projects/user-management-service_full/src/controllers/userController.js:26:16","timestamp":"2025-01-09T10:41:55.043Z"}
{"level":"info","message":"Connected to the database successfully.","timestamp":"2025-01-09T10:42:14.142Z"}
{"level":"info","message":"Server running on port 3000","timestamp":"2025-01-09T10:42:14.144Z"}
{"level":"info","message":"Connected to the database successfully.","timestamp":"2025-01-09T10:42:16.291Z"}
{"level":"info","message":"Server running on port 3000","timestamp":"2025-01-09T10:42:16.294Z"}
{"level":"info","message":"Connected to the database successfully.","timestamp":"2025-01-09T10:42:18.925Z"}
{"level":"info","message":"Server running on port 3000","timestamp":"2025-01-09T10:42:18.927Z"}
{"level":"info","message":"Connected to the database successfully.","timestamp":"2025-01-09T10:42:22.369Z"}
{"level":"info","message":"Server running on port 3000","timestamp":"2025-01-09T10:42:22.372Z"}
{"level":"info","message":"Connected to the database successfully.","timestamp":"2025-01-09T10:42:23.912Z"}
{"level":"info","message":"Server running on port 3000","timestamp":"2025-01-09T10:42:23.915Z"}
{"level":"info","message":"Connected to the database successfully.","timestamp":"2025-01-09T10:42:25.352Z"}
{"level":"info","message":"Server running on port 3000","timestamp":"2025-01-09T10:42:25.354Z"}
{"level":"info","message":"Connected to the database successfully.","timestamp":"2025-01-09T10:42:35.802Z"}
{"level":"info","message":"Server running on port 3000","timestamp":"2025-01-09T10:42:35.805Z"}
{"code":"ER_DATA_TOO_LONG","errno":1406,"level":"error","message":"Error adding user:  Data too long for column 'name' at row 1","sql":"INSERT INTO users (name, email, role) VALUES ('PHVXk1WaN6ZahtFTFLscCbX9VQYcl1rTRxQs5Gz2nGCdtcnb4e1x04D6aOugHb2uq4VK8QeUmNbS13NMLmcHruc4HB3DwNwvDBZSo1OkqXCuQHnPWdz5yKEH+4sW2LgQIHAzgParcU+xwvpCxGZlqW6OAD4bnWTkdfSq8G/xoq7Y/s/i8S+dQkLejueTDtwtyDzSoJLVwgxjatVk5JPsCzA/KxhlrPZX+9RPEAvDTwDgIVe/ONCmERvvwx/xN1koBoTgiTz+IPw/1U18+4h+PFV8RvIxyg2VlRZooPnV4PfNIp212pOSxwfGRVTofYjLlAkBQU9vdh5XRmkJkf5MdQ==', 'ONuk4UpbEn/8Ij8ilvPHnU3J/MUrPH+hVPS+eurjcEKJRsgSDsSEkRl40DLuysDtWIYdsz2xf0S88igmBzpIBPeFTwNlp/WIc8dcAjXHQieqbLPOVXF/u7+QWhlkC30QrImcMFgJUiljkGSekxfTywEBHqAKNU7yXnyUV8cLckp6e+VeX2ZMFlFP/7zQxeXKSKylleZ2ArwQWUqZr2f9HmLBKggPXG1X+lA7dTkBkLOwO0ChzzPZVYPfYSxLdaMI72vwRk+xBOD7gX9LjAh6ih2Y5IPaw4PyJg8v/gYLEG2+H7cpjvovz6NKF0Gmo99ugE7h+z78L8MSZDhyWhMNtw==', 'QLcfGXWaJRREJa3akx3sNvAkWbtF8iZJC0FzXA+YNcGIp4jNhZz7Ew1Nr8Kj6FcALfrXDHWz3MOjmvwCmeNagzSn+yErqQQBIY5evO0b+yHCbwRJIZDUuCIJZpqxFIZgUeMpk1+PtouVRR63I1dzoflxworXbvaS36PejS+V4Kqeehm9SLC6T72RMoDesOsNBU79E6pkZ18lTqG1AiQjFYaGbFR7a+l13P/WxGccPs9RXieUNntoXTIE4gR2TXULgRFHr5o1IwNpOE+WSVKl+f2S1ks53DkXEOqwmLmuhK4rIQcQcqJ9JaYuPSih6LYQQvfG53RkhSe9uTlgULdQew==')","sqlMessage":"Data too long for column 'name' at row 1","sqlState":"22001","stack":"Error: Data too long for column 'name' at row 1\n    at PromisePool.query (/home/harsh.taru/Projects/user-management-service_full/node_modules/mysql2/lib/promise/pool.js:36:22)\n    at UserService.addUser (/home/harsh.taru/Projects/user-management-service_full/src/services/userService.js:119:35)\n    at process.processTicksAndRejections (node:internal/process/task_queues:95:5)\n    at async /home/harsh.taru/Projects/user-management-service_full/src/controllers/userController.js:26:16","timestamp":"2025-01-09T10:42:41.102Z"}
{"level":"error","message":"Error: Internal server error\n    at UserService.addUser (/home/harsh.taru/Projects/user-management-service_full/src/services/userService.js:126:49)\n    at process.processTicksAndRejections (node:internal/process/task_queues:95:5)\n    at async /home/harsh.taru/Projects/user-management-service_full/src/controllers/userController.js:26:16","timestamp":"2025-01-09T10:42:41.103Z"}
{"level":"info","message":"Connected to the database successfully.","timestamp":"2025-01-09T10:48:06.679Z"}
{"level":"info","message":"Server running on port 3000","timestamp":"2025-01-09T10:48:06.681Z"}
{"level":"info","message":"Connected to the database successfully.","timestamp":"2025-01-09T10:48:08.697Z"}
{"level":"info","message":"Server running on port 3000","timestamp":"2025-01-09T10:48:08.699Z"}
{"level":"info","message":"Connected to the database successfully.","timestamp":"2025-01-09T10:48:10.863Z"}
{"level":"info","message":"Server running on port 3000","timestamp":"2025-01-09T10:48:10.866Z"}
{"level":"info","message":"Connected to the database successfully.","timestamp":"2025-01-09T10:48:12.387Z"}
{"level":"info","message":"Server running on port 3000","timestamp":"2025-01-09T10:48:12.389Z"}
{"level":"info","message":"Connected to the database successfully.","timestamp":"2025-01-09T10:48:19.069Z"}
{"level":"info","message":"Server running on port 3000","timestamp":"2025-01-09T10:48:19.072Z"}
{"code":"ER_DATA_TOO_LONG","errno":1406,"level":"error","message":"Error adding user:  Data too long for column 'email' at row 1","sql":"INSERT INTO users (name, email, role) VALUES ('Krfe/JZXo5DRj1603IcdG4JCKKFGuGPHtH7Ft2Ob2gXAcJCPok80vPXiGJ0ieQ145yzZG9pKVL2/uBOARu1FAZre87N0hLYe5I29OSF05N8rU7HsCMzKsI1kVvGFBBIw1RfVOhbH6DjNOGIivMuHCvCI5fEDznLvQE7kzlD5slE0/Bw22JhW/nynnsxJjIZwFxqj831s4tkrfNuPpVfAXLJdJiy2pD4Mkyt/t1zLTh4641tkMV1TCvq4bOyBvDtOluV00jOffJJx5NCc7xg+hdRrVZ80xiIi1ZPwSsnfATr/4w8MSPT5f64svPKdf4MHdOH3AhaFcRse/nXxYD05xw==', 'bz8OUfiDCCQ+/I986M1jkctDSOpEIpqBVP22dDmbtnIBMu2kNxLeNtajevl1Q/PdD2wOuuk5HbZtvhLoD6uo8afMlEX4tgsw0FEifjOLoVzysaLiIVqxjxZ88pxT7qM5WWIVOL1udA711WFBwPRPcQoUvTm7tiLB4IUif2DG27pr2J2OAvyHbdiTPKU78BTdHbX1FRQj3Gyq3bu1ZAR0YucAHKWZn3NVWtWDrq8psvZXE9KjJXb+VpYYHrldjoZaMqtftNjRSoH0igFXMIi6xDODYuJf7I8ZhGrOwoP23mpLuMNztmUtfjKrCmtVQnzooyP0SQSouN9ukaM5z+bNOA==', 'dD5nyVsPXIOf2oQzMOA+8+Y1n4hazFtEYUDTWYp+RKMVRFTXUGQoPHLbsStZ4zlUTWjTuaFchrVJSNF+QYrRam6rPaO2qopf4u0C+bngRNO6jwCuTgW/RWzG/Gk11bhrVPWX5rEiq8ZVtly7mik6y22Kp5nR/0AVQCnijlr1fbF7fFbUipJryi8foM+ZWTocuSswWh/tXBT9uS5GEMNgxhWkSRpdQ1Gz9mbkwwPxHqu2gdQ6+s965Q+M/MCzFAnUD0YeODe+Va6yi8eNuXvdKee4KdoUANA0r4NeHWHi90VXATgeFr1/Y8DIGpv7IRqZW0OKG5Gyy22RmhGnzviDrQ==')","sqlMessage":"Data too long for column 'email' at row 1","sqlState":"22001","stack":"Error: Data too long for column 'email' at row 1\n    at PromisePool.query (/home/harsh.taru/Projects/user-management-service_full/node_modules/mysql2/lib/promise/pool.js:36:22)\n    at UserService.addUser (/home/harsh.taru/Projects/user-management-service_full/src/services/userService.js:119:35)\n    at process.processTicksAndRejections (node:internal/process/task_queues:95:5)\n    at async /home/harsh.taru/Projects/user-management-service_full/src/controllers/userController.js:26:16","timestamp":"2025-01-09T10:48:21.603Z"}
{"level":"error","message":"Error: Internal server error\n    at UserService.addUser (/home/harsh.taru/Projects/user-management-service_full/src/services/userService.js:126:49)\n    at process.processTicksAndRejections (node:internal/process/task_queues:95:5)\n    at async /home/harsh.taru/Projects/user-management-service_full/src/controllers/userController.js:26:16","timestamp":"2025-01-09T10:48:21.603Z"}
{"level":"info","message":"Connected to the database successfully.","timestamp":"2025-01-09T10:50:11.818Z"}
{"level":"info","message":"Server running on port 3000","timestamp":"2025-01-09T10:50:11.821Z"}
{"level":"info","message":"Connected to the database successfully.","timestamp":"2025-01-09T10:50:12.898Z"}
{"level":"info","message":"Server running on port 3000","timestamp":"2025-01-09T10:50:12.901Z"}
{"level":"info","message":"Connected to the database successfully.","timestamp":"2025-01-09T10:50:14.581Z"}
{"level":"info","message":"Server running on port 3000","timestamp":"2025-01-09T10:50:14.584Z"}
{"level":"info","message":"Connected to the database successfully.","timestamp":"2025-01-09T10:50:15.925Z"}
{"level":"info","message":"Server running on port 3000","timestamp":"2025-01-09T10:50:15.928Z"}
{"level":"info","message":"Connected to the database successfully.","timestamp":"2025-01-09T10:50:17.218Z"}
{"level":"info","message":"Server running on port 3000","timestamp":"2025-01-09T10:50:17.220Z"}
{"level":"info","message":"Connected to the database successfully.","timestamp":"2025-01-09T10:50:29.236Z"}
{"level":"info","message":"Server running on port 3000","timestamp":"2025-01-09T10:50:29.239Z"}
{"level":"info","message":"Connected to the database successfully.","timestamp":"2025-01-09T10:50:33.149Z"}
{"level":"info","message":"Server running on port 3000","timestamp":"2025-01-09T10:50:33.151Z"}
{"level":"info","message":"Connected to the database successfully.","timestamp":"2025-01-09T10:50:34.720Z"}
{"level":"info","message":"Server running on port 3000","timestamp":"2025-01-09T10:50:34.722Z"}
{"level":"info","message":"Connected to the database successfully.","timestamp":"2025-01-09T10:50:55.136Z"}
{"level":"info","message":"Server running on port 3000","timestamp":"2025-01-09T10:50:55.139Z"}
{"level":"info","message":"Connected to the database successfully.","timestamp":"2025-01-09T10:51:00.588Z"}
{"level":"info","message":"Server running on port 3000","timestamp":"2025-01-09T10:51:00.590Z"}
{"level":"info","message":"Connected to the database successfully.","timestamp":"2025-01-09T10:51:02.254Z"}
{"level":"info","message":"Server running on port 3000","timestamp":"2025-01-09T10:51:02.256Z"}
{"level":"info","message":"Connected to the database successfully.","timestamp":"2025-01-09T10:51:05.460Z"}
{"level":"info","message":"Server running on port 3000","timestamp":"2025-01-09T10:51:05.463Z"}
{"level":"info","message":"Connected to the database successfully.","timestamp":"2025-01-09T10:55:49.736Z"}
{"level":"info","message":"Server running on port 3000","timestamp":"2025-01-09T10:55:49.738Z"}
{"level":"info","message":"Connected to the database successfully.","timestamp":"2025-01-09T10:55:50.986Z"}
{"level":"info","message":"Server running on port 3000","timestamp":"2025-01-09T10:55:50.988Z"}
{"level":"info","message":"Connected to the database successfully.","timestamp":"2025-01-09T10:56:22.455Z"}
{"level":"info","message":"Server running on port 3000","timestamp":"2025-01-09T10:56:22.458Z"}
{"level":"info","message":"Connected to the database successfully.","timestamp":"2025-01-09T10:56:23.931Z"}
{"level":"info","message":"Server running on port 3000","timestamp":"2025-01-09T10:56:23.933Z"}
{"level":"info","message":"Connected to the database successfully.","timestamp":"2025-01-09T10:56:25.196Z"}
{"level":"info","message":"Server running on port 3000","timestamp":"2025-01-09T10:56:25.198Z"}
{"level":"info","message":"Connected to the database successfully.","timestamp":"2025-01-09T10:56:28.991Z"}
{"level":"info","message":"Server running on port 3000","timestamp":"2025-01-09T10:56:28.993Z"}
{"level":"info","message":"Connected to the database successfully.","timestamp":"2025-01-09T10:56:34.322Z"}
{"level":"info","message":"Server running on port 3000","timestamp":"2025-01-09T10:56:34.324Z"}
{"level":"info","message":"Connected to the database successfully.","timestamp":"2025-01-09T10:57:16.199Z"}
{"level":"info","message":"Server running on port 3000","timestamp":"2025-01-09T10:57:16.202Z"}
{"level":"error","message":"Error deleting user:  User not found","stack":"Error: User not found\n    at UserService.deleteUser (/home/harsh.taru/Projects/user-management-service_full/src/services/userService.js:214:15)\n    at process.processTicksAndRejections (node:internal/process/task_queues:95:5)\n    at async /home/harsh.taru/Projects/user-management-service_full/src/controllers/userController.js:54:3","status":"fail","statusCode":404,"timestamp":"2025-01-09T11:11:10.716Z"}
{"level":"error","message":"Error: User not found\n    at UserService.deleteUser (/home/harsh.taru/Projects/user-management-service_full/src/services/userService.js:214:15)\n    at process.processTicksAndRejections (node:internal/process/task_queues:95:5)\n    at async /home/harsh.taru/Projects/user-management-service_full/src/controllers/userController.js:54:3","timestamp":"2025-01-09T11:11:10.717Z"}
{"level":"info","message":"Connected to the database successfully.","timestamp":"2025-01-09T11:11:54.324Z"}
{"level":"info","message":"Server running on port 3000","timestamp":"2025-01-09T11:11:54.326Z"}
{"level":"info","message":"Connected to the database successfully.","timestamp":"2025-01-09T11:11:58.782Z"}
{"level":"info","message":"Server running on port 3000","timestamp":"2025-01-09T11:11:58.785Z"}
{"level":"info","message":"Connected to the database successfully.","timestamp":"2025-01-09T11:12:00.433Z"}
{"level":"info","message":"Server running on port 3000","timestamp":"2025-01-09T11:12:00.435Z"}
{"level":"info","message":"Connected to the database successfully.","timestamp":"2025-01-09T11:12:13.104Z"}
{"level":"info","message":"Server running on port 3000","timestamp":"2025-01-09T11:12:13.106Z"}
{"level":"info","message":"Connected to the database successfully.","timestamp":"2025-01-09T11:12:22.298Z"}
{"level":"info","message":"Server running on port 3000","timestamp":"2025-01-09T11:12:22.301Z"}
{"level":"info","message":"Connected to the database successfully.","timestamp":"2025-01-09T11:13:17.539Z"}
{"level":"info","message":"Server running on port 3000","timestamp":"2025-01-09T11:13:17.541Z"}
{"level":"info","message":"Connected to the database successfully.","timestamp":"2025-01-09T11:13:21.094Z"}
{"level":"info","message":"Server running on port 3000","timestamp":"2025-01-09T11:13:21.096Z"}
{"level":"info","message":"Connected to the database successfully.","timestamp":"2025-01-09T11:13:26.530Z"}
{"level":"info","message":"Server running on port 3000","timestamp":"2025-01-09T11:13:26.533Z"}
{"level":"info","message":"Connected to the database successfully.","timestamp":"2025-01-09T11:13:29.283Z"}
{"level":"info","message":"Server running on port 3000","timestamp":"2025-01-09T11:13:29.285Z"}
{"level":"info","message":"Connected to the database successfully.","timestamp":"2025-01-09T11:13:33.020Z"}
{"level":"info","message":"Server running on port 3000","timestamp":"2025-01-09T11:13:33.022Z"}
{"level":"info","message":"Connected to the database successfully.","timestamp":"2025-01-09T11:13:34.189Z"}
{"level":"info","message":"Server running on port 3000","timestamp":"2025-01-09T11:13:34.192Z"}
{"level":"info","message":"Connected to the database successfully.","timestamp":"2025-01-09T11:13:40.385Z"}
{"level":"info","message":"Server running on port 3000","timestamp":"2025-01-09T11:13:40.388Z"}
{"level":"info","message":"Connected to the database successfully.","timestamp":"2025-01-09T11:13:41.953Z"}
{"level":"info","message":"Server running on port 3000","timestamp":"2025-01-09T11:13:41.956Z"}
{"level":"info","message":"Connected to the database successfully.","timestamp":"2025-01-09T11:18:47.999Z"}
{"level":"info","message":"Server running on port 3000","timestamp":"2025-01-09T11:18:48.002Z"}
{"level":"info","message":"Connected to the database successfully.","timestamp":"2025-01-09T11:18:52.688Z"}
{"level":"info","message":"Server running on port 3000","timestamp":"2025-01-09T11:18:52.691Z"}
{"level":"info","message":"Connected to the database successfully.","timestamp":"2025-01-09T11:18:56.248Z"}
{"level":"info","message":"Server running on port 3000","timestamp":"2025-01-09T11:18:56.250Z"}
{"level":"info","message":"Connected to the database successfully.","timestamp":"2025-01-09T11:19:06.477Z"}
{"level":"info","message":"Server running on port 3000","timestamp":"2025-01-09T11:19:06.480Z"}
{"level":"info","message":"Connected to the database successfully.","timestamp":"2025-01-09T11:19:09.575Z"}
{"level":"info","message":"Server running on port 3000","timestamp":"2025-01-09T11:19:09.578Z"}
{"level":"info","message":"Connected to the database successfully.","timestamp":"2025-01-09T11:19:14.200Z"}
{"level":"info","message":"Server running on port 3000","timestamp":"2025-01-09T11:19:14.202Z"}
{"level":"info","message":"Connected to the database successfully.","timestamp":"2025-01-09T11:19:15.912Z"}
{"level":"info","message":"Server running on port 3000","timestamp":"2025-01-09T11:19:15.914Z"}
{"level":"info","message":"Connected to the database successfully.","timestamp":"2025-01-09T11:19:18.798Z"}
{"level":"info","message":"Server running on port 3000","timestamp":"2025-01-09T11:19:18.801Z"}
{"code":"ERR_OSSL_RSA_OAEP_DECODING_ERROR","level":"error","library":"rsa routines","message":"Decryption error:  error:02000079:rsa routines::oaep decoding error","reason":"oaep decoding error","stack":"Error: error:02000079:rsa routines::oaep decoding error\n    at Object.privateDecrypt (node:internal/crypto/cipher:80:12)\n    at decrypt (/home/harsh.taru/Projects/user-management-service_full/src/services/userService.js:82:34)\n    at /home/harsh.taru/Projects/user-management-service_full/src/services/userService.js:133:15\n    at Array.map (<anonymous>)\n    at UserService.getAllUsers (/home/harsh.taru/Projects/user-management-service_full/src/services/userService.js:129:36)\n    at process.processTicksAndRejections (node:internal/process/task_queues:95:5)\n    at async /home/harsh.taru/Projects/user-management-service_full/src/controllers/userController.js:37:17","timestamp":"2025-01-09T11:19:50.793Z"}
{"level":"error","message":"Error fetching all users:  Error decrypting data","stack":"Error: Error decrypting data\n    at decrypt (/home/harsh.taru/Projects/user-management-service_full/src/services/userService.js:93:11)\n    at /home/harsh.taru/Projects/user-management-service_full/src/services/userService.js:133:15\n    at Array.map (<anonymous>)\n    at UserService.getAllUsers (/home/harsh.taru/Projects/user-management-service_full/src/services/userService.js:129:36)\n    at process.processTicksAndRejections (node:internal/process/task_queues:95:5)\n    at async /home/harsh.taru/Projects/user-management-service_full/src/controllers/userController.js:37:17","status":"error","statusCode":500,"timestamp":"2025-01-09T11:19:50.794Z"}
{"level":"error","message":"Error: Unable to fetch users\n    at UserService.getAllUsers (/home/harsh.taru/Projects/user-management-service_full/src/services/userService.js:140:13)\n    at process.processTicksAndRejections (node:internal/process/task_queues:95:5)\n    at async /home/harsh.taru/Projects/user-management-service_full/src/controllers/userController.js:37:17","timestamp":"2025-01-09T11:19:50.795Z"}
{"code":"ERR_OSSL_RSA_OAEP_DECODING_ERROR","level":"error","library":"rsa routines","message":"Decryption error:  error:02000079:rsa routines::oaep decoding error","reason":"oaep decoding error","stack":"Error: error:02000079:rsa routines::oaep decoding error\n    at Object.privateDecrypt (node:internal/crypto/cipher:80:12)\n    at decrypt (/home/harsh.taru/Projects/user-management-service_full/src/services/userService.js:82:34)\n    at /home/harsh.taru/Projects/user-management-service_full/src/services/userService.js:133:15\n    at Array.map (<anonymous>)\n    at UserService.getAllUsers (/home/harsh.taru/Projects/user-management-service_full/src/services/userService.js:129:36)\n    at process.processTicksAndRejections (node:internal/process/task_queues:95:5)\n    at async /home/harsh.taru/Projects/user-management-service_full/src/controllers/userController.js:37:17","timestamp":"2025-01-09T11:20:07.481Z"}
{"level":"error","message":"Error fetching all users:  Error decrypting data","stack":"Error: Error decrypting data\n    at decrypt (/home/harsh.taru/Projects/user-management-service_full/src/services/userService.js:93:11)\n    at /home/harsh.taru/Projects/user-management-service_full/src/services/userService.js:133:15\n    at Array.map (<anonymous>)\n    at UserService.getAllUsers (/home/harsh.taru/Projects/user-management-service_full/src/services/userService.js:129:36)\n    at process.processTicksAndRejections (node:internal/process/task_queues:95:5)\n    at async /home/harsh.taru/Projects/user-management-service_full/src/controllers/userController.js:37:17","status":"error","statusCode":500,"timestamp":"2025-01-09T11:20:07.482Z"}
{"level":"error","message":"Error: Unable to fetch users\n    at UserService.getAllUsers (/home/harsh.taru/Projects/user-management-service_full/src/services/userService.js:140:13)\n    at process.processTicksAndRejections (node:internal/process/task_queues:95:5)\n    at async /home/harsh.taru/Projects/user-management-service_full/src/controllers/userController.js:37:17","timestamp":"2025-01-09T11:20:07.482Z"}
{"level":"info","message":"Connected to the database successfully.","timestamp":"2025-01-09T11:22:00.183Z"}
{"level":"info","message":"Server running on port 3000","timestamp":"2025-01-09T11:22:00.188Z"}
{"level":"info","message":"Connected to the database successfully.","timestamp":"2025-01-09T11:22:20.395Z"}
{"level":"info","message":"Server running on port 3000","timestamp":"2025-01-09T11:22:20.397Z"}
{"level":"info","message":"Connected to the database successfully.","timestamp":"2025-01-09T11:22:23.066Z"}
{"level":"info","message":"Server running on port 3000","timestamp":"2025-01-09T11:22:23.068Z"}
{"code":"ERR_OSSL_RSA_OAEP_DECODING_ERROR","level":"error","library":"rsa routines","message":"Decryption error:  error:02000079:rsa routines::oaep decoding error","reason":"oaep decoding error","stack":"Error: error:02000079:rsa routines::oaep decoding error\n    at Object.privateDecrypt (node:internal/crypto/cipher:80:12)\n    at decrypt (/home/harsh.taru/Projects/user-management-service_full/src/services/userService.js:82:34)\n    at /home/harsh.taru/Projects/user-management-service_full/src/services/userService.js:133:15\n    at Array.map (<anonymous>)\n    at UserService.getAllUsers (/home/harsh.taru/Projects/user-management-service_full/src/services/userService.js:129:36)\n    at process.processTicksAndRejections (node:internal/process/task_queues:95:5)\n    at async /home/harsh.taru/Projects/user-management-service_full/src/controllers/userController.js:37:17","timestamp":"2025-01-09T11:22:26.559Z"}
{"level":"error","message":"Error fetching all users:  Error decrypting data","stack":"Error: Error decrypting data\n    at decrypt (/home/harsh.taru/Projects/user-management-service_full/src/services/userService.js:93:11)\n    at /home/harsh.taru/Projects/user-management-service_full/src/services/userService.js:133:15\n    at Array.map (<anonymous>)\n    at UserService.getAllUsers (/home/harsh.taru/Projects/user-management-service_full/src/services/userService.js:129:36)\n    at process.processTicksAndRejections (node:internal/process/task_queues:95:5)\n    at async /home/harsh.taru/Projects/user-management-service_full/src/controllers/userController.js:37:17","status":"error","statusCode":500,"timestamp":"2025-01-09T11:22:26.559Z"}
{"level":"error","message":"Error: Unable to fetch users\n    at UserService.getAllUsers (/home/harsh.taru/Projects/user-management-service_full/src/services/userService.js:140:13)\n    at process.processTicksAndRejections (node:internal/process/task_queues:95:5)\n    at async /home/harsh.taru/Projects/user-management-service_full/src/controllers/userController.js:37:17","timestamp":"2025-01-09T11:22:26.560Z"}
{"code":"ERR_OSSL_RSA_OAEP_DECODING_ERROR","level":"error","library":"rsa routines","message":"Decryption error:  error:02000079:rsa routines::oaep decoding error","reason":"oaep decoding error","stack":"Error: error:02000079:rsa routines::oaep decoding error\n    at Object.privateDecrypt (node:internal/crypto/cipher:80:12)\n    at decrypt (/home/harsh.taru/Projects/user-management-service_full/src/services/userService.js:82:34)\n    at /home/harsh.taru/Projects/user-management-service_full/src/services/userService.js:133:15\n    at Array.map (<anonymous>)\n    at UserService.getAllUsers (/home/harsh.taru/Projects/user-management-service_full/src/services/userService.js:129:36)\n    at process.processTicksAndRejections (node:internal/process/task_queues:95:5)\n    at async /home/harsh.taru/Projects/user-management-service_full/src/controllers/userController.js:37:17","timestamp":"2025-01-09T11:22:34.814Z"}
{"level":"error","message":"Error fetching all users:  Error decrypting data","stack":"Error: Error decrypting data\n    at decrypt (/home/harsh.taru/Projects/user-management-service_full/src/services/userService.js:93:11)\n    at /home/harsh.taru/Projects/user-management-service_full/src/services/userService.js:133:15\n    at Array.map (<anonymous>)\n    at UserService.getAllUsers (/home/harsh.taru/Projects/user-management-service_full/src/services/userService.js:129:36)\n    at process.processTicksAndRejections (node:internal/process/task_queues:95:5)\n    at async /home/harsh.taru/Projects/user-management-service_full/src/controllers/userController.js:37:17","status":"error","statusCode":500,"timestamp":"2025-01-09T11:22:34.815Z"}
{"level":"error","message":"Error: Unable to fetch users\n    at UserService.getAllUsers (/home/harsh.taru/Projects/user-management-service_full/src/services/userService.js:140:13)\n    at process.processTicksAndRejections (node:internal/process/task_queues:95:5)\n    at async /home/harsh.taru/Projects/user-management-service_full/src/controllers/userController.js:37:17","timestamp":"2025-01-09T11:22:34.815Z"}
{"code":"ERR_OSSL_RSA_OAEP_DECODING_ERROR","level":"error","library":"rsa routines","message":"Decryption error:  error:02000079:rsa routines::oaep decoding error","reason":"oaep decoding error","stack":"Error: error:02000079:rsa routines::oaep decoding error\n    at Object.privateDecrypt (node:internal/crypto/cipher:80:12)\n    at decrypt (/home/harsh.taru/Projects/user-management-service_full/src/services/userService.js:82:34)\n    at /home/harsh.taru/Projects/user-management-service_full/src/services/userService.js:133:15\n    at Array.map (<anonymous>)\n    at UserService.getAllUsers (/home/harsh.taru/Projects/user-management-service_full/src/services/userService.js:129:36)\n    at process.processTicksAndRejections (node:internal/process/task_queues:95:5)\n    at async /home/harsh.taru/Projects/user-management-service_full/src/controllers/userController.js:37:17","timestamp":"2025-01-09T11:22:46.639Z"}
{"level":"error","message":"Error fetching all users:  Error decrypting data","stack":"Error: Error decrypting data\n    at decrypt (/home/harsh.taru/Projects/user-management-service_full/src/services/userService.js:93:11)\n    at /home/harsh.taru/Projects/user-management-service_full/src/services/userService.js:133:15\n    at Array.map (<anonymous>)\n    at UserService.getAllUsers (/home/harsh.taru/Projects/user-management-service_full/src/services/userService.js:129:36)\n    at process.processTicksAndRejections (node:internal/process/task_queues:95:5)\n    at async /home/harsh.taru/Projects/user-management-service_full/src/controllers/userController.js:37:17","status":"error","statusCode":500,"timestamp":"2025-01-09T11:22:46.640Z"}
{"level":"error","message":"Error: Unable to fetch users\n    at UserService.getAllUsers (/home/harsh.taru/Projects/user-management-service_full/src/services/userService.js:140:13)\n    at process.processTicksAndRejections (node:internal/process/task_queues:95:5)\n    at async /home/harsh.taru/Projects/user-management-service_full/src/controllers/userController.js:37:17","timestamp":"2025-01-09T11:22:46.640Z"}
{"level":"info","message":"Connected to the database successfully.","timestamp":"2025-01-09T11:23:13.978Z"}
{"level":"info","message":"Server running on port 3000","timestamp":"2025-01-09T11:23:13.981Z"}
{"level":"info","message":"Connected to the database successfully.","timestamp":"2025-01-09T11:23:34.157Z"}
{"level":"info","message":"Server running on port 3000","timestamp":"2025-01-09T11:23:34.159Z"}
{"level":"info","message":"Connected to the database successfully.","timestamp":"2025-01-09T11:23:40.301Z"}
{"level":"info","message":"Server running on port 3000","timestamp":"2025-01-09T11:23:40.304Z"}
{"level":"info","message":"Connected to the database successfully.","timestamp":"2025-01-09T11:23:43.454Z"}
{"level":"info","message":"Server running on port 3000","timestamp":"2025-01-09T11:23:43.459Z"}
{"level":"info","message":"Connected to the database successfully.","timestamp":"2025-01-09T11:23:50.549Z"}
{"level":"info","message":"Server running on port 3000","timestamp":"2025-01-09T11:23:50.554Z"}
{"level":"info","message":"Connected to the database successfully.","timestamp":"2025-01-09T11:23:54.872Z"}
{"level":"info","message":"Server running on port 3000","timestamp":"2025-01-09T11:23:54.874Z"}
{"level":"info","message":"Connected to the database successfully.","timestamp":"2025-01-09T11:23:56.915Z"}
{"level":"info","message":"Server running on port 3000","timestamp":"2025-01-09T11:23:56.917Z"}
{"level":"info","message":"Connected to the database successfully.","timestamp":"2025-01-09T11:24:15.265Z"}
{"level":"info","message":"Server running on port 3000","timestamp":"2025-01-09T11:24:15.268Z"}
{"level":"info","message":"Connected to the database successfully.","timestamp":"2025-01-09T11:25:25.782Z"}
{"level":"info","message":"Server running on port 3000","timestamp":"2025-01-09T11:25:25.785Z"}
{"level":"info","message":"Connected to the database successfully.","timestamp":"2025-01-09T11:28:32.266Z"}
{"level":"info","message":"Server running on port 3000","timestamp":"2025-01-09T11:28:32.269Z"}
{"level":"info","message":"Connected to the database successfully.","timestamp":"2025-01-09T11:29:35.433Z"}
{"level":"info","message":"Server running on port 3000","timestamp":"2025-01-09T11:29:35.436Z"}
{"level":"info","message":"Connected to the database successfully.","timestamp":"2025-01-09T11:29:41.351Z"}
{"level":"info","message":"Server running on port 3000","timestamp":"2025-01-09T11:29:41.354Z"}
{"level":"info","message":"Connected to the database successfully.","timestamp":"2025-01-09T11:29:59.997Z"}
{"level":"info","message":"Server running on port 3000","timestamp":"2025-01-09T11:30:00.002Z"}
{"level":"info","message":"Connected to the database successfully.","timestamp":"2025-01-09T11:30:01.212Z"}
{"level":"info","message":"Server running on port 3000","timestamp":"2025-01-09T11:30:01.215Z"}
{"level":"info","message":"Connected to the database successfully.","timestamp":"2025-01-09T11:30:43.547Z"}
{"level":"info","message":"Server running on port 3000","timestamp":"2025-01-09T11:30:43.549Z"}
{"level":"info","message":"Connected to the database successfully.","timestamp":"2025-01-09T11:32:25.931Z"}
{"level":"info","message":"Server running on port 3000","timestamp":"2025-01-09T11:32:25.933Z"}
{"level":"info","message":"Connected to the database successfully.","timestamp":"2025-01-09T11:32:33.361Z"}
{"level":"info","message":"Server running on port 3000","timestamp":"2025-01-09T11:32:33.363Z"}
{"level":"info","message":"Connected to the database successfully.","timestamp":"2025-01-09T11:32:43.704Z"}
{"level":"info","message":"Server running on port 3000","timestamp":"2025-01-09T11:32:43.706Z"}
